JNICode/native-media/app/build/intermediates/manifest_merge_blame_file/debug/manifest-merger-blame-debug-report.txt
1<?xml version="1.0" encoding="utf-8"?>
2<manifest xmlns:android="http://schemas.android.com/apk/res/android"
3    package="com.example.nativemedia" >
4
5    <uses-sdk
6        android:minSdkVersion="14"
6-->src\main\AndroidManifest.xml
7        android:targetSdkVersion="28" />
7-->src\main\AndroidManifest.xml
8
9    <uses-feature android:glEsVersion="0x00020000" />
9-->src\main\AndroidManifest.xml:4:3-52
9-->src\main\AndroidManifest.xml:4:17-49
10    <!-- INTERNET is needed to use a URI-based media player, depending on the URI -->
11    <uses-permission android:name="android.permission.INTERNET" />
11-->src\main\AndroidManifest.xml:6:3-81
11-->src\main\AndroidManifest.xml:6:20-62
12
13    <application
13-->src\main\AndroidManifest.xml:7:3-18:17
14        android:allowBackup="false"
14-->src\main\AndroidManifest.xml:7:16-43
15        android:debuggable="true"
16        android:fullBackupContent="false"
16-->src\main\AndroidManifest.xml:8:16-49
17        android:icon="@mipmap/ic_launcher"
17-->src\main\AndroidManifest.xml:9:16-50
18        android:label="@string/app_name"
18-->src\main\AndroidManifest.xml:10:16-48
19        android:testOnly="true" >
20        <activity
20-->src\main\AndroidManifest.xml:11:5-17:16
21            android:name="com.example.nativemedia.NativeMedia"
21-->src\main\AndroidManifest.xml:11:15-42
22            android:label="@string/app_name" >
22-->src\main\AndroidManifest.xml:12:15-47
23            <intent-filter>
23-->src\main\AndroidManifest.xml:13:7-16:23
24                <action android:name="android.intent.action.MAIN" />
24-->src\main\AndroidManifest.xml:14:9-61
24-->src\main\AndroidManifest.xml:14:17-58
25
26                <category android:name="android.intent.category.LAUNCHER" />
26-->src\main\AndroidManifest.xml:15:9-69
26-->src\main\AndroidManifest.xml:15:19-66
27            </intent-filter>
28        </activity>
29    </application>
30
31</manifest>